[1029/091815.388:WARNING:angle_platform_impl.cc(48)] HLSLCompiler.cpp:257 (compileToBinary): 
C:\fakepath(102,1-6): warning X4000: use of potentially uninitialized variable (dyn_index_vec4_float4)

[1029/091815.550:WARNING:angle_platform_impl.cc(48)] HLSLCompiler.cpp:257 (compileToBinary): 
C:\fakepath(135,1): warning X4000: use of potentially uninitialized variable (f_i)
C:\fakepath(137,1): warning X4000: use of potentially uninitialized variable (f_i)
C:\fakepath(173,1): warning X4000: use of potentially uninitialized variable (f_u)

[1029/091816.662:WARNING:angle_platform_impl.cc(48)] HLSLCompiler.cpp:257 (compileToBinary): 
C:\fakepath(165,1): warning X4000: use of potentially uninitialized variable (f_renderMipMapLevel)

[1029/091816.664:WARNING:angle_platform_impl.cc(48)] HLSLCompiler.cpp:257 (compileToBinary): 
C:\fakepath(165,1): warning X4000: use of potentially uninitialized variable (f_renderMipMapLevel)

[1029/091816.791:WARNING:angle_platform_impl.cc(48)] HLSLCompiler.cpp:257 (compileToBinary): 
C:\fakepath(381,10-38): warning X4008: floating point division by zero
C:\fakepath(381,10-38): warning X4008: floating point division by zero

[1029/091900.175:WARNING:angle_platform_impl.cc(48)] HLSLCompiler.cpp:257 (compileToBinary): 
C:\fakepath(102,1-6): warning X4000: use of potentially uninitialized variable (dyn_index_vec4_float4)

[1029/091900.301:WARNING:angle_platform_impl.cc(48)] HLSLCompiler.cpp:257 (compileToBinary): 
C:\fakepath(135,1): warning X4000: use of potentially uninitialized variable (f_i)
C:\fakepath(137,1): warning X4000: use of potentially uninitialized variable (f_i)
C:\fakepath(173,1): warning X4000: use of potentially uninitialized variable (f_u)

[1029/091900.532:WARNING:angle_platform_impl.cc(48)] HLSLCompiler.cpp:257 (compileToBinary): 
C:\fakepath(165,1): warning X4000: use of potentially uninitialized variable (f_renderMipMapLevel)

[1029/091900.538:WARNING:angle_platform_impl.cc(48)] HLSLCompiler.cpp:257 (compileToBinary): 
C:\fakepath(165,1): warning X4000: use of potentially uninitialized variable (f_renderMipMapLevel)

[1029/091900.730:WARNING:angle_platform_impl.cc(48)] HLSLCompiler.cpp:257 (compileToBinary): 
C:\fakepath(381,10-38): warning X4008: floating point division by zero
C:\fakepath(381,10-38): warning X4008: floating point division by zero

[1029/091900.835:ERROR:gl_utils.cc(314)] [.WebGL-00000157EB1B3A80] GL_INVALID_OPERATION: Two textures of different types use the same sampler location.
[1029/091900.866:ERROR:gl_utils.cc(314)] [.WebGL-00000157EB1B3A80] GL_INVALID_OPERATION: Two textures of different types use the same sampler location.
[1029/091933.783:WARNING:angle_platform_impl.cc(48)] HLSLCompiler.cpp:257 (compileToBinary): 
C:\fakepath(102,1-6): warning X4000: use of potentially uninitialized variable (dyn_index_vec4_float4)

[1029/091933.902:WARNING:angle_platform_impl.cc(48)] HLSLCompiler.cpp:257 (compileToBinary): 
C:\fakepath(135,1): warning X4000: use of potentially uninitialized variable (f_i)
C:\fakepath(137,1): warning X4000: use of potentially uninitialized variable (f_i)
C:\fakepath(173,1): warning X4000: use of potentially uninitialized variable (f_u)

[1029/091934.584:WARNING:angle_platform_impl.cc(48)] HLSLCompiler.cpp:257 (compileToBinary): 
C:\fakepath(165,1): warning X4000: use of potentially uninitialized variable (f_renderMipMapLevel)

[1029/091934.593:WARNING:angle_platform_impl.cc(48)] HLSLCompiler.cpp:257 (compileToBinary): 
C:\fakepath(165,1): warning X4000: use of potentially uninitialized variable (f_renderMipMapLevel)

[1029/091934.734:WARNING:angle_platform_impl.cc(48)] HLSLCompiler.cpp:257 (compileToBinary): 
C:\fakepath(381,10-38): warning X4008: floating point division by zero
C:\fakepath(381,10-38): warning X4008: floating point division by zero

[1029/091954.438:ERROR:gpu_init.cc(426)] Passthrough is not supported, GL is disabled
[1029/092505.916:WARNING:angle_platform_impl.cc(48)] HLSLCompiler.cpp:257 (compileToBinary): 
C:\fakepath(135,1): warning X4000: use of potentially uninitialized variable (f_i)
C:\fakepath(137,1): warning X4000: use of potentially uninitialized variable (f_i)
C:\fakepath(173,1): warning X4000: use of potentially uninitialized variable (f_u)

[1029/092506.245:WARNING:angle_platform_impl.cc(48)] HLSLCompiler.cpp:257 (compileToBinary): 
C:\fakepath(165,1): warning X4000: use of potentially uninitialized variable (f_renderMipMapLevel)

[1029/092506.252:WARNING:angle_platform_impl.cc(48)] HLSLCompiler.cpp:257 (compileToBinary): 
C:\fakepath(165,1): warning X4000: use of potentially uninitialized variable (f_renderMipMapLevel)

[1029/092506.379:WARNING:angle_platform_impl.cc(48)] HLSLCompiler.cpp:257 (compileToBinary): 
C:\fakepath(381,10-38): warning X4008: floating point division by zero
C:\fakepath(381,10-38): warning X4008: floating point division by zero

[1029/092506.584:ERROR:gl_utils.cc(314)] [.WebGL-000007E54DF57400] GL_INVALID_OPERATION: Two textures of different types use the same sampler location.
[1029/092506.584:ERROR:gl_utils.cc(314)] [.WebGL-000007E54DF57400] GL_INVALID_OPERATION: Two textures of different types use the same sampler location.
[1029/092506.584:ERROR:gl_utils.cc(314)] [.WebGL-000007E54DF57400] GL_INVALID_OPERATION: Two textures of different types use the same sampler location.
[1029/092506.584:ERROR:gl_utils.cc(314)] [.WebGL-000007E54DF57400] GL_INVALID_OPERATION: Two textures of different types use the same sampler location.
[1029/092506.585:ERROR:gl_utils.cc(314)] [.WebGL-000007E54DF57400] GL_INVALID_OPERATION: Two textures of different types use the same sampler location.
[1029/092506.606:ERROR:gl_utils.cc(314)] [.WebGL-000007E54DF57400] GL_INVALID_OPERATION: Two textures of different types use the same sampler location.
[1029/092506.606:ERROR:gl_utils.cc(314)] [.WebGL-000007E54DF57400] GL_INVALID_OPERATION: Two textures of different types use the same sampler location.
[1029/092506.606:ERROR:gl_utils.cc(314)] [.WebGL-000007E54DF57400] GL_INVALID_OPERATION: Two textures of different types use the same sampler location.
[1029/092506.606:ERROR:gl_utils.cc(314)] [.WebGL-000007E54DF57400] GL_INVALID_OPERATION: Two textures of different types use the same sampler location.
[1029/092506.606:ERROR:gl_utils.cc(314)] [.WebGL-000007E54DF57400] GL_INVALID_OPERATION: Two textures of different types use the same sampler location.
